<?xml version="1.0" encoding="UTF-8"?>
<testsuite xmlns:xsi="http://www.w3.org/2001/XMLSchema-instance" xsi:noNamespaceSchemaLocation="https://maven.apache.org/surefire/maven-surefire-plugin/xsd/surefire-test-report-3.0.xsd" version="3.0" name="LibraryTest" time="0.186" tests="25" errors="0" skipped="0" failures="0">
  <properties>
[...]
</properties>
  <testcase name="testCheckOutBookUnavailable" classname="LibraryTest" time="0.085"/>
  <testcase name="testPatronCheckOutBook" classname="LibraryTest" time="0"/>
  <testcase name="testAddBook" classname="LibraryTest" time="0"/>
  <testcase name="testListPatrons" classname="LibraryTest" time="0.007"/>
  <testcase name="testPatronCreation" classname="LibraryTest" time="0"/>
  <testcase name="testCheckOutBookSuccess" classname="LibraryTest" time="0.002"/>
  <testcase name="testSetDueDateWhenNotCheckedOut" classname="LibraryTest" time="0.003"/>
  <testcase name="testReturnBookSuccess" classname="LibraryTest" time="0"/>
  <testcase name="testNonexistentBookCheckout" classname="LibraryTest" time="0"/>
  <testcase name="testListAvailableBooks" classname="LibraryTest" time="0"/>
  <testcase name="testHasCheckedOutBook" classname="LibraryTest" time="0"/>
  <testcase name="testBookCheckOut" classname="LibraryTest" time="0.004"/>
  <testcase name="testMultipleCheckoutsAndReturns" classname="LibraryTest" time="0.001"/>
  <testcase name="testLargeLibraryOperations" classname="LibraryTest" time="0"/>
  <testcase name="testBookCreation" classname="LibraryTest" time="0.006"/>
  <testcase name="testRemoveBook" classname="LibraryTest" time="0.004"/>
  <testcase name="testFineCalculation" classname="LibraryTest" time="0.004"/>
  <testcase name="testAddPatron" classname="LibraryTest" time="0"/>
  <testcase name="testPatronReturnBook" classname="LibraryTest" time="0"/>
  <testcase name="testSetDueDateWhenCheckedOut" classname="LibraryTest" time="0"/>
  <testcase name="testListingBooksAndPatrons" classname="LibraryTest" time="0"/>
  <testcase name="testBookReturn" classname="LibraryTest" time="0"/>
  <testcase name="testReturnBookNoBook" classname="LibraryTest" time="0.002"/>
  <testcase name="testAddDuplicateBook" classname="LibraryTest" time="0"/>
  <testcase name="testComplexFineCalculation" classname="LibraryTest" time="0"/>
</testsuite>